2020-09-19 21:58:17,242 - ShoppingMall - DEBUG - 55 - logHandler - debug
2020-09-19 21:58:17,242 - ShoppingMall - DEBUG - 56 - logHandler - info
2020-09-19 21:58:31,554 - ShoppingMall - DEBUG - 55 - logHandler - debug
2020-09-19 21:58:31,554 - ShoppingMall - DEBUG - 56 - logHandler - info
2020-09-19 21:58:31,554 - ShoppingMall - WARNING - 57 - logHandler - warning
2020-09-19 21:58:40,112 - ShoppingMall - DEBUG - 55 - logHandler - debug
2020-09-19 21:58:40,112 - ShoppingMall - DEBUG - 56 - logHandler - info
2020-09-19 21:58:40,112 - ShoppingMall - WARNING - 57 - logHandler - warning
2020-09-19 21:58:40,112 - ShoppingMall - ERROR - 58 - logHandler - error
2020-09-19 21:58:43,544 - ShoppingMall - DEBUG - 55 - logHandler - debug
2020-09-19 21:58:43,544 - ShoppingMall - DEBUG - 56 - logHandler - info
2020-09-19 21:58:43,544 - ShoppingMall - WARNING - 57 - logHandler - warning
2020-09-19 21:58:43,544 - ShoppingMall - ERROR - 58 - logHandler - error
2020-09-19 22:03:24,265 - ShoppingMall - DEBUG - 55 - core - alex登录成功！
2020-09-19 22:07:13,578 - ShoppingMall - DEBUG - 55 - core - alex登录成功！
2020-09-19 22:09:45,610 - ShoppingMall - DEBUG - 55 - core - alex登录成功！
2020-09-19 22:09:58,309 - ShoppingMall - DEBUG - 98 - core - alex将p30加入购物车！
2020-09-19 22:10:40,165 - ShoppingMall - DEBUG - 142 - core - alex已退出系统
2020-09-19 22:10:56,760 - ShoppingMall - DEBUG - 55 - core - alex登录成功！
2020-09-19 22:11:00,229 - ShoppingMall - DEBUG - 110 - core - alex执行了查看购物车操作
2020-09-19 22:11:11,256 - ShoppingMall - DEBUG - 83 - core - alex查看商品列表.
2020-09-19 22:11:11,256 - ShoppingMall - DEBUG - 83 - core - alex查看商品列表.
2020-09-19 22:11:11,257 - ShoppingMall - DEBUG - 83 - core - alex查看商品列表.
2020-09-19 22:11:11,257 - ShoppingMall - DEBUG - 83 - core - alex查看商品列表.
2020-09-19 22:11:20,367 - ShoppingMall - DEBUG - 98 - core - alex将3个p30加入购物车！
2020-09-19 22:11:24,898 - ShoppingMall - DEBUG - 129 - core - alex共消费20700.0元
2020-09-19 22:11:42,172 - ShoppingMall - DEBUG - 142 - core - alex已退出系统
2020-09-19 22:12:51,457 - ShoppingMall - WARNING - 19 - core - 用户alex已存在，请重新输入！
2020-09-19 22:13:04,256 - ShoppingMall - WARNING - 19 - core - 用户alex已存在，请重新输入！
2020-09-19 22:13:10,729 - ShoppingMall - ERROR - 59 - core - 用户名或密码错误，ale登录失败！
2020-09-19 22:13:18,570 - ShoppingMall - INFO - 55 - core - alex登录成功！
2020-09-19 22:13:20,792 - ShoppingMall - INFO - 83 - core - alex查看商品列表.
2020-09-19 22:13:20,792 - ShoppingMall - INFO - 83 - core - alex查看商品列表.
2020-09-19 22:13:20,792 - ShoppingMall - INFO - 83 - core - alex查看商品列表.
2020-09-19 22:13:20,793 - ShoppingMall - INFO - 83 - core - alex查看商品列表.
2020-09-19 22:13:28,103 - ShoppingMall - INFO - 83 - core - alex查看商品列表.
2020-09-19 22:13:28,103 - ShoppingMall - INFO - 83 - core - alex查看商品列表.
2020-09-19 22:13:28,103 - ShoppingMall - INFO - 83 - core - alex查看商品列表.
2020-09-19 22:13:28,103 - ShoppingMall - INFO - 83 - core - alex查看商品列表.
2020-09-19 22:14:15,651 - ShoppingMall - INFO - 142 - core - alex已退出系统
2020-09-19 22:14:54,845 - ShoppingMall - WARNING - 19 - core - 用户alex已存在，请重新输入！
2020-09-19 22:14:59,706 - ShoppingMall - INFO - 55 - core - alex登录成功！
2020-09-19 22:15:03,211 - ShoppingMall - INFO - 83 - core - alex查看商品列表.
2020-09-19 22:15:07,160 - ShoppingMall - INFO - 83 - core - alex查看商品列表.
2020-09-19 22:15:10,258 - ShoppingMall - INFO - 83 - core - alex查看商品列表.
2020-09-19 22:15:11,324 - ShoppingMall - INFO - 83 - core - alex查看商品列表.
2020-09-19 22:15:12,079 - ShoppingMall - INFO - 83 - core - alex查看商品列表.
2020-09-19 22:15:12,925 - ShoppingMall - INFO - 83 - core - alex查看商品列表.
2020-09-19 22:15:13,560 - ShoppingMall - INFO - 83 - core - alex查看商品列表.
2020-09-19 22:15:14,167 - ShoppingMall - INFO - 83 - core - alex查看商品列表.
2020-09-19 22:15:14,852 - ShoppingMall - INFO - 83 - core - alex查看商品列表.
2020-09-19 22:15:16,171 - ShoppingMall - INFO - 83 - core - alex查看商品列表.
2020-09-19 22:15:16,805 - ShoppingMall - INFO - 83 - core - alex查看商品列表.
2020-09-19 22:15:17,536 - ShoppingMall - INFO - 83 - core - alex查看商品列表.
2020-09-19 22:15:21,516 - ShoppingMall - INFO - 142 - core - alex已退出系统
2020-09-19 22:16:25,775 - ShoppingMall - ERROR - 59 - core - 用户名或密码错误，zhangkai登录失败！
2020-09-19 22:16:37,550 - ShoppingMall - DEBUG - 15 - core - zhangkai注册成功!
2020-09-19 22:16:54,293 - ShoppingMall - INFO - 55 - core - zhangkai登录成功！
2020-09-19 22:16:57,607 - ShoppingMall - INFO - 83 - core - zhangkai查看商品列表.
2020-09-19 22:17:00,575 - ShoppingMall - INFO - 83 - core - zhangkai查看商品列表.
2020-09-19 22:17:01,162 - ShoppingMall - INFO - 83 - core - zhangkai查看商品列表.
2020-09-19 22:17:01,669 - ShoppingMall - INFO - 83 - core - zhangkai查看商品列表.
2020-09-19 22:17:02,152 - ShoppingMall - INFO - 83 - core - zhangkai查看商品列表.
2020-09-19 22:17:02,621 - ShoppingMall - INFO - 83 - core - zhangkai查看商品列表.
2020-09-19 22:17:03,045 - ShoppingMall - INFO - 83 - core - zhangkai查看商品列表.
2020-09-19 22:17:03,444 - ShoppingMall - INFO - 83 - core - zhangkai查看商品列表.
2020-09-19 22:17:03,867 - ShoppingMall - INFO - 83 - core - zhangkai查看商品列表.
2020-09-19 22:17:04,279 - ShoppingMall - INFO - 83 - core - zhangkai查看商品列表.
2020-09-19 22:17:04,694 - ShoppingMall - INFO - 83 - core - zhangkai查看商品列表.
2020-09-19 22:17:05,089 - ShoppingMall - INFO - 83 - core - zhangkai查看商品列表.
2020-09-19 22:17:05,490 - ShoppingMall - INFO - 83 - core - zhangkai查看商品列表.
2020-09-19 22:17:09,056 - ShoppingMall - INFO - 83 - core - zhangkai查看商品列表.
2020-09-19 22:17:19,541 - ShoppingMall - INFO - 98 - core - zhangkai将6个mate30加入购物车！
2020-09-19 22:17:23,394 - ShoppingMall - INFO - 110 - core - zhangkai执行了查看购物车操作
2020-09-19 22:17:24,484 - ShoppingMall - INFO - 110 - core - zhangkai执行了查看购物车操作
2020-09-19 22:17:27,288 - ShoppingMall - INFO - 110 - core - zhangkai执行了查看购物车操作
2020-09-19 22:17:32,242 - ShoppingMall - DEBUG - 129 - core - zhangkai共消费39996.0元
2020-09-19 22:17:37,747 - ShoppingMall - DEBUG - 129 - core - zhangkai共消费0元
2020-09-19 22:17:39,820 - ShoppingMall - INFO - 142 - core - zhangkai已退出系统
