2020-09-20 09:48:22,578 - ShoppingMall - INFO - 69 - core - dwq登录成功！
2020-09-20 09:48:45,936 - ShoppingMall - INFO - 69 - core - dwq登录成功！
2020-09-20 09:49:32,450 - ShoppingMall - WARNING - 24 - core - 用户alex已存在，请重新输入！
2020-09-20 09:49:37,537 - ShoppingMall - ERROR - 73 - core - 用户名或密码错误，alx登录失败！
2020-09-20 09:49:44,982 - ShoppingMall - INFO - 69 - core - dwq登录成功！
2020-09-20 09:50:06,464 - ShoppingMall - DEBUG - 69 - core - dwq登录成功！
2020-09-20 09:51:20,368 - ShoppingMall - INFO - 69 - core - zhangkai登录成功！
2020-09-20 09:51:45,165 - ShoppingMall - ERROR - 73 - core - 用户名或密码错误，7登录失败！
2020-09-20 09:51:52,918 - ShoppingMall - INFO - 69 - core - zhangkai登录成功！
2020-09-20 09:52:44,913 - ShoppingMall - INFO - 70 - core - alex登录成功！
2020-09-20 09:52:51,263 - ShoppingMall - INFO - 185 - core - alex已退出系统
2020-09-20 09:54:24,718 - ShoppingMall - INFO - 70 - core - alex登录成功！
2020-09-20 09:54:31,965 - ShoppingMall - INFO - 185 - core - alex已退出系统
2020-09-20 09:54:44,091 - ShoppingMall - INFO - 70 - core - alex登录成功！
2020-09-20 09:54:46,719 - ShoppingMall - INFO - 106 - core - alex查看商品列表.
2020-09-20 09:54:52,110 - ShoppingMall - DEBUG - 165 - core - alex共消费0元
2020-09-20 09:54:54,478 - ShoppingMall - INFO - 185 - core - alex已退出系统
2020-09-20 10:09:49,125 - ShoppingMall - INFO - 70 - core - alex登录成功！
2020-09-20 10:10:04,541 - ShoppingMall - INFO - 125 - core - alex将3个p30加入购物车！
2020-09-20 10:10:07,591 - ShoppingMall - INFO - 106 - core - alex查看商品列表.
2020-09-20 10:10:14,776 - ShoppingMall - INFO - 125 - core - alex将120个mac加入购物车！
2020-09-20 10:10:17,835 - ShoppingMall - INFO - 141 - core - alex执行了查看购物车操作
2020-09-20 10:10:17,836 - ShoppingMall - INFO - 141 - core - alex执行了查看购物车操作
2020-09-20 10:10:26,086 - ShoppingMall - DEBUG - 165 - core - alex共消费24750.0元
2020-09-20 10:10:36,346 - ShoppingMall - DEBUG - 165 - core - alex共消费0元
2020-09-20 10:10:41,028 - ShoppingMall - INFO - 185 - core - alex已退出系统
2020-09-20 10:12:06,930 - ShoppingMall - INFO - 70 - core - alex登录成功！
2020-09-20 10:12:09,874 - ShoppingMall - INFO - 106 - core - alex查看商品列表.
2020-09-20 10:12:11,335 - ShoppingMall - INFO - 106 - core - alex查看商品列表.
2020-09-20 10:12:19,150 - ShoppingMall - INFO - 125 - core - alex将12个mac加入购物车！
2020-09-20 10:12:20,764 - ShoppingMall - INFO - 106 - core - alex查看商品列表.
2020-09-20 10:12:37,089 - ShoppingMall - WARNING - 24 - core - 用户alex已存在，请重新输入！
2020-09-20 10:12:42,391 - ShoppingMall - INFO - 125 - core - alex将2个p30加入购物车！
2020-09-20 10:12:45,454 - ShoppingMall - INFO - 141 - core - alex执行了查看购物车操作
2020-09-20 10:13:05,557 - ShoppingMall - INFO - 185 - core - alex已退出系统
2020-09-20 10:13:13,923 - ShoppingMall - INFO - 70 - core - alex登录成功！
2020-09-20 10:13:15,185 - ShoppingMall - INFO - 141 - core - alex执行了查看购物车操作
2020-09-20 10:13:19,237 - ShoppingMall - DEBUG - 165 - core - alex共消费8340.0元
2020-09-20 10:13:21,201 - ShoppingMall - INFO - 185 - core - alex已退出系统
